
> @umituz/react-native-ai-generation-content@1.17.129 typecheck
> tsc --noEmit

node_modules/@umituz/react-native-filesystem/src/infrastructure/services/file-info.service.ts(20,11): error TS6133: 'info' is declared but its value is never read.
node_modules/@umituz/react-native-filesystem/src/infrastructure/services/file-reader.service.ts(8,1): error TS6133: 'getEncodingType' is declared but its value is never read.
node_modules/@umituz/react-native-haptics/src/infrastructure/services/HapticService.ts(13,1): error TS6133: 'HapticUtils' is declared but its value is never read.
node_modules/@umituz/react-native-image/src/infrastructure/services/ImageAIEnhancementService.ts(7,1): error TS6133: 'ImageManipulationResult' is declared but its value is never read.
node_modules/@umituz/react-native-image/src/infrastructure/services/ImageAIEnhancementService.ts(14,1): error TS6133: 'AIImageAnalysisUtils' is declared but its value is never read.
node_modules/@umituz/react-native-image/src/infrastructure/services/ImageAIEnhancementService.ts(33,18): error TS6133: 'calculateHistogram' is declared but its value is never read.
node_modules/@umituz/react-native-image/src/infrastructure/services/ImageAIEnhancementService.ts(42,18): error TS6133: 'calculateOptimalBrightness' is declared but its value is never read.
node_modules/@umituz/react-native-image/src/infrastructure/services/ImageAIEnhancementService.ts(56,18): error TS6133: 'calculateOptimalContrast' is declared but its value is never read.
node_modules/@umituz/react-native-image/src/infrastructure/services/ImageAIEnhancementService.ts(108,9): error TS6133: 'reduceNoise' is declared but its value is never read.
node_modules/@umituz/react-native-image/src/infrastructure/services/ImageAIEnhancementService.ts(109,9): error TS6133: 'sharpen' is declared but its value is never read.
node_modules/@umituz/react-native-image/src/infrastructure/services/ImageAIEnhancementService.ts(110,9): error TS6133: 'targetQuality' is declared but its value is never read.
node_modules/@umituz/react-native-image/src/infrastructure/services/ImageBatchService.ts(43,5): error TS6133: 'options' is declared but its value is never read.
node_modules/@umituz/react-native-image/src/infrastructure/services/ImageMetadataService.ts(18,43): error TS6133: 'uri' is declared but its value is never read.
node_modules/@umituz/react-native-image/src/infrastructure/services/ImageMetadataService.ts(35,36): error TS6133: 'uri' is declared but its value is never read.
node_modules/@umituz/react-native-image/src/infrastructure/services/ImageMetadataService.ts(44,40): error TS6133: 'uri' is declared but its value is never read.
node_modules/@umituz/react-native-image/src/infrastructure/services/ImageMetadataService.ts(62,39): error TS6133: 'uri' is declared but its value is never read.
node_modules/@umituz/react-native-image/src/infrastructure/services/ImageTransformService.ts(9,5): error TS6196: 'ImageManipulateAction' is declared but never used.
node_modules/@umituz/react-native-image/src/infrastructure/services/ImageTransformService.ts(17,1): error TS6133: 'ImageUtils' is declared but its value is never read.
node_modules/@umituz/react-native-image/src/presentation/components/GalleryHeader.tsx(22,11): error TS6133: 'tokens' is declared but its value is never read.
node_modules/@umituz/react-native-image/src/presentation/components/ImageGallery.tsx(8,30): error TS6133: 'useMemo' is declared but its value is never read.
node_modules/@umituz/react-native-image/src/presentation/components/ImageGallery.tsx(9,57): error TS6133: 'TouchableOpacity' is declared but its value is never read.
node_modules/@umituz/react-native-image/src/presentation/hooks/useImageAIEnhancement.ts(7,71): error TS6133: 'EnhancementResult' is declared but its value is never read.
src/domains/prompts/infrastructure/services/FuturePredictionService.ts(13,1): error TS6133: 'PromptGenerationService' is declared but its value is never read.
src/domains/prompts/presentation/hooks/useImageEnhancement.ts(31,3): error TS6133: 'templateRepository' is declared but its value is never read.
src/domains/prompts/presentation/hooks/usePhotoRestoration.ts(31,3): error TS6133: 'templateRepository' is declared but its value is never read.
src/domains/prompts/presentation/hooks/useStyleTransfer.ts(34,3): error TS6133: 'templateRepository' is declared but its value is never read.
src/infrastructure/services/job-poller.ts(29,9): error TS6133: 'onProgress' is declared but its value is never read.
../react-native-video-editor/node_modules/@umituz/react-native-design-system/src/device/detection/deviceDetection.ts(14,25): error TS2307: Cannot find module 'expo-device' or its corresponding type declarations.
../react-native-video-editor/node_modules/@umituz/react-native-design-system/src/device/detection/deviceDetection.ts(15,46): error TS2307: Cannot find module 'expo-device' or its corresponding type declarations.
../react-native-video-editor/node_modules/@umituz/react-native-design-system/src/device/infrastructure/services/ApplicationInfoService.ts(8,30): error TS2307: Cannot find module 'expo-application' or its corresponding type declarations.
../react-native-video-editor/node_modules/@umituz/react-native-design-system/src/device/infrastructure/services/DeviceIdService.ts(8,30): error TS2307: Cannot find module 'expo-application' or its corresponding type declarations.
../react-native-video-editor/node_modules/@umituz/react-native-design-system/src/device/infrastructure/services/DeviceInfoService.ts(8,25): error TS2307: Cannot find module 'expo-device' or its corresponding type declarations.
../react-native-video-editor/node_modules/@umituz/react-native-design-system/src/molecules/bottom-sheet/components/BottomSheet.tsx(7,8): error TS2307: Cannot find module '@gorhom/bottom-sheet' or its corresponding type declarations.
../react-native-video-editor/node_modules/@umituz/react-native-design-system/src/molecules/bottom-sheet/components/BottomSheetModal.tsx(8,8): error TS2307: Cannot find module '@gorhom/bottom-sheet' or its corresponding type declarations.
../react-native-video-editor/node_modules/@umituz/react-native-design-system/src/molecules/bottom-sheet/components/SafeBottomSheetModalProvider.tsx(2,42): error TS2307: Cannot find module '@gorhom/bottom-sheet' or its corresponding type declarations.
../react-native-video-editor/node_modules/@umituz/react-native-design-system/src/molecules/splash/components/SplashScreen.tsx(8,32): error TS2307: Cannot find module 'expo-linear-gradient' or its corresponding type declarations.
../react-native-video-editor/node_modules/@umituz/react-native-localization/src/infrastructure/hooks/useTranslation.ts(43,9): error TS6133: 'usedKey' is declared but its value is never read.
../react-native-video-editor/src/player/presentation/components/VideoPlayer.tsx(33,9): error TS6133: 'width' is declared but its value is never read.
../react-native-video-editor/src/presentation/components/AnimationEditor.tsx(8,1): error TS6133: 'useAppDesignTokens' is declared but its value is never read.
../react-native-video-editor/src/presentation/components/draggable-layer/LayerContent.tsx(19,9): error TS6133: 'tokens' is declared but its value is never read.
../react-native-video-editor/src/presentation/components/draggable-layer/ResizeHandles.tsx(7,10): error TS6133: 'View' is declared but its value is never read.
../react-native-video-editor/src/presentation/components/EditorHeader.tsx(13,1): error TS6133: 'AppNavigation' is declared but its value is never read.
../react-native-video-editor/src/presentation/components/EditorPreviewArea.tsx(14,29): error TS6196: 'ImageLayer' is declared but never used.
../react-native-video-editor/src/presentation/components/EditorToolPanel.tsx(20,1): error TS6133: 'Audio' is declared but its value is never read.
../react-native-video-editor/src/presentation/components/ExportDialog.tsx(16,8): error TS6133: 'Resolution' is declared but its value is never read.
../react-native-video-editor/src/presentation/components/ExportDialog.tsx(17,8): error TS6133: 'Quality' is declared but its value is never read.
../react-native-video-editor/src/presentation/components/ExportDialog.tsx(18,8): error TS6133: 'Format' is declared but its value is never read.
../react-native-video-editor/src/presentation/components/LayerActionsMenu.tsx(13,22): error TS6196: 'ImageLayer' is declared but never used.
../react-native-video-editor/src/presentation/components/SceneActionsMenu.tsx(22,3): error TS6133: 'sceneIndex' is declared but its value is never read.
../react-native-video-editor/src/presentation/components/shape-layer/ShapePreview.tsx(12,1): error TS6133: 'ShapeType' is declared but its value is never read.
../react-native-video-editor/src/presentation/components/ShapeLayerEditor.tsx(9,3): error TS6133: 'AtomicText' is declared but its value is never read.
../react-native-video-editor/src/presentation/components/ShapeLayerEditor.tsx(10,3): error TS6133: 'AtomicIcon' is declared but its value is never read.
../react-native-video-editor/src/presentation/components/ShapeLayerEditor.tsx(38,9): error TS6133: 'tokens' is declared but its value is never read.
../react-native-video-editor/src/presentation/components/text-layer/EditorActions.tsx(10,3): error TS6133: 'AtomicIcon' is declared but its value is never read.
../react-native-video-editor/src/presentation/hooks/useEditorBottomSheet.ts(7,1): error TS6133: 'Alert' is declared but its value is never read.
../react-native-video-editor/src/presentation/hooks/useEditorHistory.ts(36,3): error TS6133: 'projectId' is declared but its value is never read.
