
> @umituz/react-native-ai-generation-content@1.17.130 typecheck
> tsc --noEmit

node_modules/@umituz/react-native-design-system/src/atoms/AtomicIcon.tsx(11,27): error TS2307: Cannot find module 'react-native-svg' or its corresponding type declarations.
node_modules/@umituz/react-native-design-system/src/utilities/sharing/infrastructure/services/SharingService.ts(12,35): error TS2307: Cannot find module '@umituz/react-native-filesystem' or its corresponding type declarations.
node_modules/@umituz/react-native-firebase/src/auth/infrastructure/services/apple-auth.service.ts(12,38): error TS2307: Cannot find module 'expo-apple-authentication' or its corresponding type declarations.
node_modules/@umituz/react-native-firebase/src/auth/infrastructure/services/reauthentication.service.ts(16,38): error TS2307: Cannot find module 'expo-apple-authentication' or its corresponding type declarations.
node_modules/@umituz/react-native-haptics/src/infrastructure/services/HapticService.ts(13,1): error TS6133: 'HapticUtils' is declared but its value is never read.
node_modules/@umituz/react-native-image/src/infrastructure/services/ImageAIEnhancementService.ts(7,1): error TS6133: 'ImageManipulationResult' is declared but its value is never read.
node_modules/@umituz/react-native-image/src/infrastructure/services/ImageAIEnhancementService.ts(14,1): error TS6133: 'AIImageAnalysisUtils' is declared but its value is never read.
node_modules/@umituz/react-native-image/src/infrastructure/services/ImageAIEnhancementService.ts(33,18): error TS6133: 'calculateHistogram' is declared but its value is never read.
node_modules/@umituz/react-native-image/src/infrastructure/services/ImageAIEnhancementService.ts(42,18): error TS6133: 'calculateOptimalBrightness' is declared but its value is never read.
node_modules/@umituz/react-native-image/src/infrastructure/services/ImageAIEnhancementService.ts(56,18): error TS6133: 'calculateOptimalContrast' is declared but its value is never read.
node_modules/@umituz/react-native-image/src/infrastructure/services/ImageAIEnhancementService.ts(108,9): error TS6133: 'reduceNoise' is declared but its value is never read.
node_modules/@umituz/react-native-image/src/infrastructure/services/ImageAIEnhancementService.ts(109,9): error TS6133: 'sharpen' is declared but its value is never read.
node_modules/@umituz/react-native-image/src/infrastructure/services/ImageAIEnhancementService.ts(110,9): error TS6133: 'targetQuality' is declared but its value is never read.
node_modules/@umituz/react-native-image/src/infrastructure/services/ImageBatchService.ts(43,5): error TS6133: 'options' is declared but its value is never read.
node_modules/@umituz/react-native-image/src/infrastructure/services/ImageMetadataService.ts(18,43): error TS6133: 'uri' is declared but its value is never read.
node_modules/@umituz/react-native-image/src/infrastructure/services/ImageMetadataService.ts(35,36): error TS6133: 'uri' is declared but its value is never read.
node_modules/@umituz/react-native-image/src/infrastructure/services/ImageMetadataService.ts(44,40): error TS6133: 'uri' is declared but its value is never read.
node_modules/@umituz/react-native-image/src/infrastructure/services/ImageMetadataService.ts(62,39): error TS6133: 'uri' is declared but its value is never read.
node_modules/@umituz/react-native-image/src/infrastructure/services/ImageStorageService.ts(7,35): error TS2307: Cannot find module '@umituz/react-native-filesystem' or its corresponding type declarations.
node_modules/@umituz/react-native-image/src/infrastructure/services/ImageTransformService.ts(9,5): error TS6196: 'ImageManipulateAction' is declared but never used.
node_modules/@umituz/react-native-image/src/infrastructure/services/ImageTransformService.ts(17,1): error TS6133: 'ImageUtils' is declared but its value is never read.
node_modules/@umituz/react-native-image/src/presentation/components/GalleryHeader.tsx(22,11): error TS6133: 'tokens' is declared but its value is never read.
node_modules/@umituz/react-native-image/src/presentation/components/ImageGallery.tsx(8,30): error TS6133: 'useMemo' is declared but its value is never read.
node_modules/@umituz/react-native-image/src/presentation/components/ImageGallery.tsx(9,57): error TS6133: 'TouchableOpacity' is declared but its value is never read.
node_modules/@umituz/react-native-image/src/presentation/hooks/useImageAIEnhancement.ts(7,71): error TS6133: 'EnhancementResult' is declared but its value is never read.
node_modules/@umituz/react-native-localization/src/infrastructure/hooks/useTranslation.ts(43,9): error TS6133: 'usedKey' is declared but its value is never read.
node_modules/@umituz/react-native-offline/src/presentation/hooks/useOffline.ts(8,26): error TS2307: Cannot find module 'expo-network' or its corresponding type declarations.
node_modules/@umituz/react-native-offline/src/presentation/hooks/useOffline.ts(9,55): error TS2307: Cannot find module 'expo-network' or its corresponding type declarations.
node_modules/@umituz/react-native-video-editor/src/player/presentation/components/VideoPlayer.tsx(33,9): error TS6133: 'width' is declared but its value is never read.
node_modules/@umituz/react-native-video-editor/src/presentation/components/AnimationEditor.tsx(8,1): error TS6133: 'useAppDesignTokens' is declared but its value is never read.
node_modules/@umituz/react-native-video-editor/src/presentation/components/AudioEditor.tsx(8,33): error TS2307: Cannot find module 'expo-document-picker' or its corresponding type declarations.
node_modules/@umituz/react-native-video-editor/src/presentation/components/draggable-layer/LayerContent.tsx(19,9): error TS6133: 'tokens' is declared but its value is never read.
node_modules/@umituz/react-native-video-editor/src/presentation/components/draggable-layer/ResizeHandles.tsx(7,10): error TS6133: 'View' is declared but its value is never read.
node_modules/@umituz/react-native-video-editor/src/presentation/components/EditorHeader.tsx(13,1): error TS6133: 'AppNavigation' is declared but its value is never read.
node_modules/@umituz/react-native-video-editor/src/presentation/components/EditorPreviewArea.tsx(14,29): error TS6196: 'ImageLayer' is declared but never used.
node_modules/@umituz/react-native-video-editor/src/presentation/components/EditorToolPanel.tsx(20,1): error TS6133: 'Audio' is declared but its value is never read.
node_modules/@umituz/react-native-video-editor/src/presentation/components/ExportDialog.tsx(16,8): error TS6133: 'Resolution' is declared but its value is never read.
node_modules/@umituz/react-native-video-editor/src/presentation/components/ExportDialog.tsx(17,8): error TS6133: 'Quality' is declared but its value is never read.
node_modules/@umituz/react-native-video-editor/src/presentation/components/ExportDialog.tsx(18,8): error TS6133: 'Format' is declared but its value is never read.
node_modules/@umituz/react-native-video-editor/src/presentation/components/LayerActionsMenu.tsx(13,22): error TS6196: 'ImageLayer' is declared but never used.
node_modules/@umituz/react-native-video-editor/src/presentation/components/SceneActionsMenu.tsx(22,3): error TS6133: 'sceneIndex' is declared but its value is never read.
node_modules/@umituz/react-native-video-editor/src/presentation/components/shape-layer/ShapePreview.tsx(12,1): error TS6133: 'ShapeType' is declared but its value is never read.
node_modules/@umituz/react-native-video-editor/src/presentation/components/ShapeLayerEditor.tsx(9,3): error TS6133: 'AtomicText' is declared but its value is never read.
node_modules/@umituz/react-native-video-editor/src/presentation/components/ShapeLayerEditor.tsx(10,3): error TS6133: 'AtomicIcon' is declared but its value is never read.
node_modules/@umituz/react-native-video-editor/src/presentation/components/ShapeLayerEditor.tsx(38,9): error TS6133: 'tokens' is declared but its value is never read.
node_modules/@umituz/react-native-video-editor/src/presentation/components/text-layer/EditorActions.tsx(10,3): error TS6133: 'AtomicIcon' is declared but its value is never read.
node_modules/@umituz/react-native-video-editor/src/presentation/hooks/useEditorBottomSheet.ts(7,1): error TS6133: 'Alert' is declared but its value is never read.
node_modules/@umituz/react-native-video-editor/src/presentation/hooks/useEditorHistory.ts(36,3): error TS6133: 'projectId' is declared but its value is never read.
src/domains/prompts/infrastructure/services/FuturePredictionService.ts(13,1): error TS6133: 'PromptGenerationService' is declared but its value is never read.
src/domains/prompts/presentation/hooks/useImageEnhancement.ts(31,3): error TS6133: 'templateRepository' is declared but its value is never read.
src/domains/prompts/presentation/hooks/usePhotoRestoration.ts(31,3): error TS6133: 'templateRepository' is declared but its value is never read.
src/domains/prompts/presentation/hooks/useStyleTransfer.ts(34,3): error TS6133: 'templateRepository' is declared but its value is never read.
src/infrastructure/services/job-poller.ts(29,9): error TS6133: 'onProgress' is declared but its value is never read.
