
> @umituz/react-native-ai-generation-content@1.17.129 typecheck
> tsc --noEmit

node_modules/@umituz/react-native-filesystem/src/infrastructure/services/file-info.service.ts(20,11): error TS6133: 'info' is declared but its value is never read.
node_modules/@umituz/react-native-filesystem/src/infrastructure/services/file-reader.service.ts(8,1): error TS6133: 'getEncodingType' is declared but its value is never read.
node_modules/@umituz/react-native-haptics/src/infrastructure/services/HapticService.ts(13,1): error TS6133: 'HapticUtils' is declared but its value is never read.
node_modules/@umituz/react-native-image/src/infrastructure/services/ImageAIEnhancementService.ts(7,1): error TS6133: 'ImageManipulationResult' is declared but its value is never read.
node_modules/@umituz/react-native-image/src/infrastructure/services/ImageAIEnhancementService.ts(14,1): error TS6133: 'AIImageAnalysisUtils' is declared but its value is never read.
node_modules/@umituz/react-native-image/src/infrastructure/services/ImageAIEnhancementService.ts(33,18): error TS6133: 'calculateHistogram' is declared but its value is never read.
node_modules/@umituz/react-native-image/src/infrastructure/services/ImageAIEnhancementService.ts(42,18): error TS6133: 'calculateOptimalBrightness' is declared but its value is never read.
node_modules/@umituz/react-native-image/src/infrastructure/services/ImageAIEnhancementService.ts(56,18): error TS6133: 'calculateOptimalContrast' is declared but its value is never read.
node_modules/@umituz/react-native-image/src/infrastructure/services/ImageAIEnhancementService.ts(108,9): error TS6133: 'reduceNoise' is declared but its value is never read.
node_modules/@umituz/react-native-image/src/infrastructure/services/ImageAIEnhancementService.ts(109,9): error TS6133: 'sharpen' is declared but its value is never read.
node_modules/@umituz/react-native-image/src/infrastructure/services/ImageAIEnhancementService.ts(110,9): error TS6133: 'targetQuality' is declared but its value is never read.
node_modules/@umituz/react-native-image/src/infrastructure/services/ImageBatchService.ts(43,5): error TS6133: 'options' is declared but its value is never read.
node_modules/@umituz/react-native-image/src/infrastructure/services/ImageMetadataService.ts(18,43): error TS6133: 'uri' is declared but its value is never read.
node_modules/@umituz/react-native-image/src/infrastructure/services/ImageMetadataService.ts(35,36): error TS6133: 'uri' is declared but its value is never read.
node_modules/@umituz/react-native-image/src/infrastructure/services/ImageMetadataService.ts(44,40): error TS6133: 'uri' is declared but its value is never read.
node_modules/@umituz/react-native-image/src/infrastructure/services/ImageMetadataService.ts(62,39): error TS6133: 'uri' is declared but its value is never read.
node_modules/@umituz/react-native-image/src/infrastructure/services/ImageTransformService.ts(9,5): error TS6196: 'ImageManipulateAction' is declared but never used.
node_modules/@umituz/react-native-image/src/infrastructure/services/ImageTransformService.ts(17,1): error TS6133: 'ImageUtils' is declared but its value is never read.
node_modules/@umituz/react-native-image/src/presentation/components/GalleryHeader.tsx(22,11): error TS6133: 'tokens' is declared but its value is never read.
node_modules/@umituz/react-native-image/src/presentation/components/ImageGallery.tsx(8,30): error TS6133: 'useMemo' is declared but its value is never read.
node_modules/@umituz/react-native-image/src/presentation/components/ImageGallery.tsx(9,57): error TS6133: 'TouchableOpacity' is declared but its value is never read.
node_modules/@umituz/react-native-image/src/presentation/hooks/useImageAIEnhancement.ts(7,71): error TS6133: 'EnhancementResult' is declared but its value is never read.
node_modules/@umituz/react-native-localization/src/infrastructure/hooks/useTranslation.ts(43,9): error TS6133: 'usedKey' is declared but its value is never read.
src/domains/creations/presentation/components/CreationDetail/DetailVideo.tsx(8,29): error TS2307: Cannot find module '@umituz/react-native-video-editor' or its corresponding type declarations.
src/domains/prompts/infrastructure/services/FuturePredictionService.ts(93,13): error TS6133: 'promptService' is declared but its value is never read.
src/domains/prompts/presentation/hooks/useFaceSwap.ts(23,3): error TS6133: 'templateRepository' is declared but its value is never read.
src/domains/prompts/presentation/hooks/useImageEnhancement.ts(31,3): error TS6133: 'templateRepository' is declared but its value is never read.
src/domains/prompts/presentation/hooks/usePhotoRestoration.ts(31,3): error TS6133: 'templateRepository' is declared but its value is never read.
src/domains/prompts/presentation/hooks/useStyleTransfer.ts(34,3): error TS6133: 'templateRepository' is declared but its value is never read.
src/infrastructure/services/job-poller.ts(29,9): error TS6133: 'onProgress' is declared but its value is never read.
